<?xml version="1.0" encoding="UTF-8"?>
<!-- Generated by org.testng.reporters.JUnitReportReporter -->
<testsuite skipped="0" hostname="DESKTOP-HUJ08B6" name="com.syntax.practice.UserDirPath" tests="1" failures="0" timestamp="16 Jun 2019 18:02:36 GMT" time="0.016" errors="0">
  <testcase name="printPath" time="0.016" classname="com.syntax.practice.UserDirPath"/>
</testsuite> <!-- com.syntax.practice.UserDirPath -->
