<?xml version="1.0" encoding="UTF-8"?>
<!-- Generated by org.testng.reporters.JUnitReportReporter -->
<testsuite skipped="1" hostname="DESKTOP-HUJ08B6" name="com.syntax.testcases.TransferDataFromExceToDataprovider" tests="1" failures="0" timestamp="15 Jun 2019 18:43:19 GMT" time="0.000" errors="0">
  <testcase name="addEmployee" time="0.000" classname="com.syntax.testcases.TransferDataFromExceToDataprovider">
    <skipped/>
  </testcase> <!-- addEmployee -->
</testsuite> <!-- com.syntax.testcases.TransferDataFromExceToDataprovider -->
